------------------------------------------------------------------------------------------------------------------------
2017-03-11 22:06:11.868;granada2003@inbox.ru;9fa44cc7-0e52-4207-97f5-a2c5c95519e0;1cmmKb-00018k-Lw
2017-03-11 22:06:22.111;89@mail.ru;65d8a986-1758-4b5b-bd0a-3d944c2c2e28;1cmmLO-00018k-03
2017-03-11 22:06:26.799;lia407@gmail.com;3733db9b-a614-48ee-8d35-ccc1968e2117;1cmmLS-00018k-Lq
2017-03-11 22:06:37.343;ev@mail.ru;493238cd-77b4-40b2-a9cc-736c56ac094b;1cmmLd-00018k-6q
2017-03-11 22:06:52.089;cov1@gmail.com;a6296594-b671-46c0-b330-da5ef877c74f;1cmmLr-00018k-Vv
2017-03-11 22:07:06.444;erezowskij@yandex.ru;2fd86175-ad47-4991-8e2a-e789e3a79770;1cmmM6-00018k-BH
2017-03-11 22:07:18.842;mitia2016@yandex.ru;db41e7f2-1e09-4c30-ad9b-e6a273e53156;1cmmMI-00018k-Nw
2017-03-11 22:07:30.709;3@mail.ru;f851e808-a725-4f94-9005-fe6d62d5a80d;1cmmMU-00018k-J6
2017-03-11 22:07:33.686;alik53@gmail.com;4f414601-61cd-4337-9568-f110a79a8b17;1cmmMX-00018k-Iu
2017-03-11 22:07:45.136;1@mail.ru;df5473be-38cd-4313-ac56-cebbb77a05e5;1cmmMi-00018k-W5
2017-03-11 22:07:58.896;271@mail.ru;a0a8e921-977f-42dd-8a99-d707056da0c8;1cmmMw-00018k-Ox
2017-03-11 22:08:08.352;edow@yandex.ru;3de9c196-6f22-4d85-9120-9c603fcd49cd;1cmmN6-00018k-7C
2017-03-11 22:08:19.112;s1990@mail.ru;56f98363-ac3b-4215-a92a-6bfc3ad9f21c;1cmmNH-00018k-1F
2017-03-11 22:08:28.439;ov2017@yandex.ru;94974edd-36ce-4420-8fdc-b02b5381a3df;1cmmNQ-00018k-Ag
2017-03-11 22:08:46.689;y_tanya@mail.ru;525ae0ce-f9c5-4134-a985-acae78b406dd;1cmmNi-00018k-Ia
2017-03-11 22:08:58.899;66666@mail.ru;69e804f4-301b-4dea-84fb-c25e07b200d9;1cmmNu-00018k-OY
2017-03-11 22:09:04.812;orv96@yandex.ru;0d214e1b-92c6-41cf-8792-953e83066391;1cmmO0-00018k-Mh
2017-03-11 22:09:17.362;411@uandex.ru;4d754d95-cf1b-4a7a-8e6e-72f2533675fa;1cmmOC-00018k-Ss
2017-03-11 22:09:27.801;nova2017@yandex.ru;a6384a88-4c0a-4480-98c4-768aba304485;1cmmON-00018k-Mj
2017-03-11 22:09:37.922;na2014@yandex.ru;3df1c0fc-8356-47d3-a52e-bc24dd3a5a63;1cmmOX-00018k-QY
2017-03-11 22:09:51.032;sel23@yandex.ru;9a7cdbff-10cc-4704-b3fc-118cc522e94d;1cmmOk-00018k-PT
2017-03-11 22:10:05.315;ak00@mail.ru;f1b63a4a-9a64-4732-8502-49ed7e018148;1cmmOz-00018k-5b
2017-03-11 22:10:18.184;hko@mail.ru;6243aca1-7aae-4cf3-9b79-0ab22857a2b4;1cmmPC-00018k-1p
2017-03-11 22:10:26.925;11@gmail.com;ff44fc5b-e89c-401c-b1f4-c68f47c3639c;1cmmPK-00018k-Rj
2017-03-11 22:10:42.079;ik@mail.ru;d21c6aa1-c95e-43c0-af61-85f0965215c1;1cmmPZ-00018k-UI
2017-03-11 22:10:51.608;3@gmail.com;33b4a9a7-05fb-472a-b887-cd079e00a45f;1cmmPj-00018k-GU
2017-03-11 22:11:03.159;v-2017@mail.ru;f71ab16e-63c9-4bf8-91af-6678df1690bf;1cmmPu-00018k-U1
2017-03-11 22:11:14.755;vatamella@gmail.com;d7c5a964-40a6-49cd-9fb9-8f45708e8dc8;1cmmQ6-00018k-Jg
2017-03-11 22:11:32.916;n.92@gmail.com;84028af9-4a96-43e7-a6ef-094ef7efdc2c;1cmmQO-00018k-Mn
2017-03-11 22:11:50.584;p@gmail.com;ab50beb8-59ad-40ce-855c-e197246ae8b8;1cmmQg-00018k-DH
2017-03-11 22:12:03.326;97@mail.ru;e0694bab-16b2-4c76-8e13-8a88d45a2777;1cmmQt-00018k-2j
2017-03-11 22:12:19.028;1997@gmail.com;4e1120eb-d654-4988-9c69-990686d353b2;1cmmR8-00018k-OQ
2017-03-11 22:12:34.232;0302@mail.ru;5178fe0b-7bac-4571-b8b9-f225d0285c39;1cmmRN-00018k-QF
2017-03-11 22:12:52.305;l@mail.ru;f0ea4f63-b7dc-4098-a65b-1898a27d8ba1;1cmmRg-00018k-6V
2017-03-11 22:13:32.625;0@yandex.ru;d5d732bb-7247-474b-b59f-c42a06d53ed8;1cmmSK-00018k-Gh
2017-03-11 22:13:54.050;i@mail.ru;a4a8d36e-5809-4439-a250-2376485a7cad;1cmmSf-00018k-Ua
2017-03-11 22:14:22.855;rey@mail.ru;9b25d54e-e29b-4ee7-9520-07ec73b6e73e;1cmmT8-00018k-M5
2017-03-11 22:14:51.707;9@gmail.com;a5da007f-31e1-4d6a-ae44-37123e013e9c;1cmmTb-00018k-Ho
2017-03-11 22:15:14.351;vitalij@yandex.ru;e4c16ed3-7647-4c7f-af9e-4cc092bea04e;1cmmTy-00018k-6U
2017-03-11 22:15:43.014;2103@mail.ru;ef0d68fb-6f07-443b-851c-8be7fd8072f0;1cmmUQ-00018k-9H
2017-03-11 22:16:08.241;46@gmail.com;95207c98-4f4d-4aab-ab7b-45ea29b88603;1cmmUq-00018k-4u
2017-03-11 22:16:31.698;rgei@mail.ru;a4445d91-1968-4b8d-aee4-ebe563784fbf;1cmmVC-00018k-TO
2017-03-11 22:16:57.241;na210@yandex.ru;6e2f8c16-6678-414d-8f97-8ba9e24cabd7;1cmmVd-00018k-31
2017-03-11 22:17:26.737;53@yandex.com;3adde86a-b235-4a41-98d7-965e84add2a5;1cmmW6-00018k-Cd
2017-03-11 22:18:19.872;ohan6@gmail.com;4812b1e6-d63d-4070-938e-df176722a940;1cmmWx-00018k-Hy
2017-03-11 22:18:47.939;r@gmail.com;6e09c2c6-39da-4a7d-9133-e2b7739bd2f9;1cmmXP-00018k-Qr
2017-03-11 22:19:10.984;aliv20@gmail.com;af15a87a-78a6-433a-a396-1f596ee5884d;1cmmXm-00018k-Ok
2017-03-11 22:20:28.178;67@yandex.ru;03308ae6-07c8-4c2a-b8a8-e9b396f3479b;1cmmZ1-00018k-ME
2017-03-11 22:20:53.392;kin@yandex.ru;b6e6c0f5-cccd-42f5-91be-043b8d00c695;1cmmZR-00018k-7Y
2017-03-11 22:21:19.655;a2011@mail.ru;99983540-8b14-4c12-980e-985ecdee7291;1cmmZq-00018k-AV
2017-03-11 22:21:45.036;1@yandex.ru;44293b6d-8bc8-456a-9061-c2c62e99f448;1cmmaG-00018k-RX
2017-03-11 22:22:10.845;ld1961@gmail.com;62343ad5-9ea1-4f99-bb7e-6f37cdd3ea51;1cmmag-00018k-Ez
2017-03-11 22:22:38.663;2013@mail.ru;fd393796-5d73-46a4-b8b8-d5a433725353;1cmmb8-00018k-Gn
2017-03-11 22:23:05.098;92@mail.ru;4bcb1f50-fc8c-4ba2-99ad-48385109240d;1cmmbY-00018k-VE
2017-03-11 22:23:32.363;hotline-ruj@yandex.ru;bdc1d59d-d3ea-4149-b773-4d95c2b86ba5;1cmmc0-00018k-2r
2017-03-11 22:23:54.931;adygvoice@mail.ru;209caa73-314d-4d73-a042-f9f7a56ff3df;1cmmcM-00018k-9M
2017-03-11 22:24:21.105;boris.alushkin@gmail.com;cb871b91-b312-4643-a47f-d6a7a7d1bfc6;1cmmcm-00018k-Vf
2017-03-11 22:24:51.717;vestnikgor@mail.ru;e5b74f6a-fc7f-482e-b0d0-cb7af1b6cf3f;1cmmdH-00018k-JR
2017-03-11 22:25:20.402;journalist-rb@yandex.ru;8568e307-73ac-4fdf-aa05-01d9ee3f2f4d;1cmmdk-00018k-Ab
2017-03-11 22:25:45.940;dawartur@yandex.ru;3bba2065-c98c-48b3-9bbd-bad95a4e856c;1cmme9-00018k-Gd
2017-03-11 22:26:15.284;redaktor@yeshlek.ru;f383464b-a92f-4449-8dce-afd93ca8ce81;1cmmec-00018k-MO
2017-03-11 22:26:38.356;gazzkm@rambler.ru;ceedd252-d846-4ad6-a059-3d7340ceda0a;1cmmez-00018k-SI
2017-03-11 22:27:06.371;istina1917@mail.ru;1ac50c36-8e7e-4c47-997b-75e8713a11bc;1cmmfS-00018k-7C
2017-03-11 22:27:33.550;dagjurn@list.ru;2688db18-6d2f-423f-88f2-0e6bfbed6af0;1cmmft-00018k-3k
2017-03-11 22:28:00.174;madina-1987@mail.ru;7fec9d45-4dde-4ac5-982e-01ee7c681e2a;1cmmgJ-00018k-Vh
2017-03-11 22:28:30.000;ing-interfax@yandex.ru;9f07b326-43c7-41b6-8178-05ddb5f8b524;1cmmgn-00018k-Ts
2017-03-11 22:28:52.786;vestimagas@mail.ru;54c4b33b-9abd-4b9f-997c-0d2c123fb423;1cmmhA-00018k-Mh
2017-03-11 22:29:21.056;gazetaing@yandex.ru;5c440b9c-eca0-4c56-bf2e-c6d5dbbb3247;1cmmhc-00018k-Cb
2017-03-11 22:29:44.839;b.mazihov@mail.ru;7d650783-c44e-49fe-a999-ccc2427849a8;1cmmi0-00018k-Nh
2017-03-11 22:30:12.069;halmgynn@yandex.ru;f36fe2dd-53da-4fbd-9ec0-75a5c35c9939;1cmmiR-00018k-92
2017-03-11 22:30:37.509;s.shavaliev@yandex.ru;8c74c78d-ff29-4368-81c4-df3570720429;1cmmir-00018k-9E
2017-03-11 22:31:01.680;karelsmi@yandex.ru;b90a96d7-16a5-40e3-b520-f88f161f6075;1cmmjE-00018k-AW
2017-03-11 22:31:30.741;evgenbel@list.ru;139a5277-0d0a-4c02-8e7e-81eca543ef0f;1cmmji-00018k-IN
2017-03-11 22:31:56.141;edvard_1973@mail.ru;208c9fe2-1fd7-427f-8b37-36808ab46e7c;1cmmk8-00018k-0o
2017-03-11 22:32:21.214;hgf1977@rambler.ru;93ce1790-380e-42d0-95d8-4fb399b0e381;1cmmkW-00018k-Uz
2017-03-11 22:32:49.863;vvostorge@mail.ru;461c196c-76e2-41ca-87c5-fab097f79fa3;1cmmkz-00018k-C5
2017-03-11 22:33:17.952;trofimov@meta.ua;aba39b0b-c017-4191-acac-b9998ee6e06c;1cmmlQ-00018k-Bm
2017-03-11 22:33:49.748;starikova156a@mail.ru;761e733b-a694-4b65-8eae-14a2b1110b12;1cmmlx-00018k-0s
2017-03-11 22:34:22.211;sjr.mari-el@mail.ru;2eb3eb4f-baca-4ad3-97c7-4524bade57f1;1cmmmS-00018k-Nj
2017-03-11 22:34:53.226;mp@mari-el.ru;9e5b4d2f-2929-4eef-9b16-8316b5fb1384;1cmmmx-00018k-Mv
2017-03-11 22:35:18.923;sakhajour@mail.ru;9d941848-2b8a-4b27-990f-e9d376866f06;1cmmnO-00018k-Qh
------------------------------------------------------------------------------------------------------------------------
2017-03-12 00:50:48.745;nikitin090@mail.ru;4857166d-a066-4c3c-8f1c-c85f620dba5a;1cmouW-0008WJ-Mz
2017-03-12 00:50:59.892;ratnikra@gossov.tatarstan.ru;9c0ae6e9-9c0e-4ea3-b296-89d449810728;1cmouh-0008WJ-PL
2017-03-12 00:51:08.778;dom-jur@mail.ru;5514bcca-69d2-45fa-ad34-c04fd8a6409c;1cmouq-0008WJ-Jo
2017-03-12 00:51:15.429;antufeva@centerasia.ru;33eb65c7-4dc6-46c9-87f0-482d7330471c;1cmoux-0008WJ-9s
2017-03-12 00:51:17.994;presudm@idz.ru;52bc114c-42e2-4643-960f-af9e65b4aaeb;1cmouz-0008WJ-UB
2017-03-12 00:51:21.909;sjkhakasia@gmail.com;6584d9d0-d1af-45ff-9b51-bfcdb14bcb0f;1cmov3-0008WJ-Sk
2017-03-12 00:51:28.675;sjchr@mail.ru;ebcb30bc-8045-4f62-a9b6-fd3cf9624ff4;1cmovA-0008WJ-Ji
2017-03-12 00:51:30.927;rgolovaneva@mail.ru;6fb7e63c-7cca-47bd-aaa0-13ff1f5c49c9;1cmovC-0008WJ-Tb
2017-03-12 00:51:42.150;aziaxpress@mail.ru;98178ce3-3cc4-4854-ba8d-7874501bc227;1cmovO-0008WJ-28
2017-03-12 00:51:52.254;redaktor1963@mail.ru;cc2585ae-911a-49b5-a7cd-9ae79ad9f4cb;1cmovY-0008WJ-8A
2017-03-12 00:51:58.424;kkosjr@mail.ru;90b960b9-6416-4e5b-973d-68e4d7d7488d;1cmove-0008WJ-DO
2017-03-12 00:52:09.836;nelubin@kgtrk.ru;b124df08-b741-4401-946a-351e236ee4c3;1cmovp-0008WJ-Oi
2017-03-12 00:52:19.116;kraszhur@mail.ru;1cdd1cee-7333-4c52-92ae-be2703752586;1cmovz-0008WJ-3f
2017-03-12 00:52:26.873;gallina9@bk.ru;ba02c4b5-de25-4650-9303-2510c6e461c0;1cmow6-0008WJ-Rk
2017-03-12 00:52:38.196;lobanoviv@pressa.perm.ru;cfbbe94d-790b-4ae1-994b-a4ecf97c4f45;1cmowI-0008WJ-5S
2017-03-12 00:52:42.237;domjur_id@mail.ru;74f75b02-c788-4125-961c-afc7dfe72f79;1cmowM-0008WJ-6u
2017-03-12 00:52:46.368;loskutova64@mail.ru;8a027fdb-934c-432a-9c8d-3977e3e6d643;1cmowQ-0008WJ-BF
2017-03-12 00:52:52.484;amk_vjachek@mail.ru;9c2739c8-787e-416d-a9b3-a561d5a9c1b7;1cmowW-0008WJ-Em
2017-03-12 00:53:00.630;sukhanov@primamedia.ru;3316c9c0-d5e6-40b7-817c-c3e60675d116;1cmowe-0008WJ-EF
2017-03-12 00:53:12.055;info@primamedia.su;8ca7a34f-ec87-4ebd-9c9e-c2fca56327a4;1cmowp-0008WJ-RI
2017-03-12 00:53:18.995;balditsyn@me.com;4b17bd66-726e-409c-a775-1f2efdc23baa;1cmowx-0008WJ-0G
2017-03-12 00:53:31.403;kjournssu@mail.ru;fc500e41-dc73-4dc8-af6f-e44533c8a8d0;1cmox9-0008WJ-Bv
2017-03-12 00:53:40.953;oleg@gubernia.com;478f41d1-7ea4-43cd-bb72-cae27818ff2c;1cmoxI-0008WJ-Su
2017-03-12 00:53:47.735;ocerdce@rambler.ru;0f502149-0a2d-4543-a134-8f56c4bcee8e;1cmoxP-0008WJ-MA
2017-03-12 00:53:54.340;byanova28@gmail.com;820a6454-f763-4de9-a6f4-654d8069e393;1cmoxW-0008WJ-Bq
2017-03-12 00:54:03.996;evd@bk.ru;94215683-83ed-4eca-9210-765a494bffa2;1cmoxg-0008WJ-0r
2017-03-12 00:54:28.196;arh-smi@mail.ru;6f636e93-465d-4ffd-8375-a78daf0343c4;1cmoy4-0008WJ-0O
2017-03-12 00:54:39.074;komsomol30@bk.ru;acdb0775-603c-4e36-adcb-3ffdb530620e;1cmoyE-0008WJ-TK
2017-03-12 00:54:48.265;smena44@yandex.ru;11bd8f47-f26b-4018-9cf7-dbe7ff6e4017;1cmoyO-0008WJ-4q
2017-03-12 00:55:02.438;smena.bel@gmail.com;1ac1cf48-905f-4c91-955c-3e254d92512c;1cmoyc-0008WJ-EF
2017-03-12 00:55:17.441;brfakts@rambler.ru;22fb5087-9361-4d5e-96c3-f5035cab721b;1cmoyr-0008WJ-FX
2017-03-12 00:55:29.717;bubenok_elena@mail.ru;9df51639-afd4-451c-9f64-2b1ddcf804f2;1cmoz3-0008WJ-NG
2017-03-12 00:55:43.320;union.vladimir@gmail.com;d00c7c14-67df-47dc-8456-31ed416c1698;1cmozH-0008WJ-A9
2017-03-12 00:55:56.880;melnikov_valery_@mail.ru;b3d63f4d-5810-49dc-a03e-57acf41cfefe;1cmozU-0008WJ-So
2017-03-12 00:56:14.460;ruj35@mail.ru;f137b783-b59d-43a7-b734-4c06b12e4cb4;1cmozm-0008WJ-Fu
2017-03-12 00:56:28.701;office@gubernia.comch.ru;18d3566d-c29b-41fd-bd38-c7c67f111d6d;1cmp00-0008WJ-H7
2017-03-12 00:56:41.074;domjur36@gmail.com;0c44bd55-32de-4f73-933b-2f95723ab267;1cmp0D-0008WJ-1A
2017-03-12 00:56:55.724;37media@bk.ru;9a4f93ce-e620-4e5d-ac8c-2e0addc0e2ea;1cmp0R-0008WJ-NT
2017-03-12 00:57:18.856;vsp@irk.ru;fa8f5736-f380-4031-85fc-d62308290e4d;1cmp0o-0008WJ-MN
2017-03-12 00:57:39.958;alix@vsp.ru;3ba85ff5-597b-4ea8-a670-00d2bb88cfda;1cmp19-0008WJ-Lv
2017-03-12 00:58:06.493;bmgr@bk.ru;967791e0-20da-44b5-b46e-180bee7a08e7;1cmp1a-0008WJ-Bl
2017-03-12 00:58:36.074;a.starodvorsky@baltic-media.ru;f350b2d5-a14b-486e-9bc2-d0f90210f510;1cmp22-0008WJ-Ok
2017-03-12 00:59:05.086;balticpl@baltnet.ru;2a77318c-a27d-4c60-8c50-87a5d2de5d7c;1cmp2X-0008WJ-10
2017-03-12 00:59:31.744;ry@vest-news.ru;88d97dce-64ae-4421-b5dc-8224387eab7f;1cmp2x-0008WJ-8J
2017-03-12 01:00:00.970;gazeta_m@kaluga.ru;c156ddb2-7e40-4421-8237-171744656c73;1cmp3Q-0008WJ-Mp
2017-03-12 01:00:31.748;vdo4@yandex.ru;f29c8020-3759-4667-ad34-bea9db444e19;1cmp3v-0008WJ-Lv
2017-03-12 01:00:56.393;eugene@okrat.ru;68740763-0ee0-4bae-8a19-71980d15f75a;1cmp4K-0008WJ-1S
2017-03-12 01:01:29.180;nmg-kostroma@mail.ru;ba0d13d4-8364-46b6-a4c3-6b0c65344ef7;1cmp4m-0008WJ-So
2017-03-12 01:02:02.085;info@nmg-kostroma.ru;fb3773d4-3223-4f51-a8b4-e48b13df3318;1cmp5O-0008WJ-0W
2017-03-12 01:02:33.179;pobrituhin@yandex.ru;abe24537-52c1-4f4a-ab4b-6d20f47c404a;1cmp5s-0008WJ-Vd
2017-03-12 01:03:11.061;zaria-redaktor@yandex.ru;2ee41c65-9d94-458b-a130-b3b64f2c1793;1cmp6U-0008WJ-Rq
2017-03-12 01:03:51.883;irinapress@yandex.ru;ac6daec6-3a25-4ade-b75d-3cbbe203c333;1cmp78-0008WJ-EX
2017-03-12 01:04:22.998;kurtnata80@mail.ru;f74fbff7-239c-41f3-ad13-4a1657b35f21;1cmp7d-0008WJ-TT
------------------------------------------------------------------------------------------------------------------------
------------------------------------------------------------------------------------------------------------------------
------------------------------------------------------------------------------------------------------------------------
------------------------------------------------------------------------------------------------------------------------
------------------------------------------------------------------------------------------------------------------------
------------------------------------------------------------------------------------------------------------------------
------------------------------------------------------------------------------------------------------------------------
------------------------------------------------------------------------------------------------------------------------
------------------------------------------------------------------------------------------------------------------------
------------------------------------------------------------------------------------------------------------------------
